2023-07-21 14:55:04 [DEBUG] Using selector: EpollSelector
2023-07-21 15:14:54 [DEBUG] Using selector: EpollSelector
2023-07-21 15:19:18 [DEBUG] Using selector: EpollSelector
2023-07-21 15:20:25 [DEBUG] Using selector: EpollSelector
2023-07-21 16:05:51 [DEBUG] Received request with game=-h, hand=['Ac', '7c', '-', '6d', '6c'], board=[], dead=[], method=-mc, iterations=1000, histogram=false
2023-07-21 16:05:51 [ERROR] Error: expected str, bytes or os.PathLike object, not list
2023-07-21 16:07:07 [DEBUG] Received request with game=-h, hand=['Ac', '7c', '-', '6d', '6c'], board=[], dead=[], method=None, iterations=1000, histogram=false
2023-07-21 16:07:07 [ERROR] Error: expected str, bytes or os.PathLike object, not list
2023-07-21 16:13:19 [DEBUG] Received request with game=-h, hand=['Ac', '7c', '-', '6d', '6c'], board=[], dead=[], method=-mc, iterations=1000, histogram=false
2023-07-21 16:13:19 [DEBUG] ('-h', ['Ac', '7c', '-', '6d', '6c'], [], [], '-mc', '1000', 'false')
2023-07-21 16:13:19 [ERROR] Error: expected str, bytes or os.PathLike object, not list
2023-07-21 16:20:09 [DEBUG] Received request with game=-h, hand=['Ac', '7c', '-', '6d', '6c'], board=[], dead=[], method=-mc, iterations=1000, histogram=false
2023-07-21 16:20:09 [DEBUG] ('-h', ['Ac', '7c', '-', '6d', '6c'], [], [], '-mc', '1000', 'false')
2023-07-21 16:20:09 [ERROR] Error: expected str, bytes or os.PathLike object, not list
2023-07-21 16:20:23 [DEBUG] Received request with game=-h, hand=['Ac', '7c', '-', '6d', '6c'], board=[], dead=[], method=-mc, iterations=1000, histogram=false
2023-07-21 16:20:23 [DEBUG] ('-h', ['Ac', '7c', '-', '6d', '6c'], [], [], '-mc', '1000', 'false')
2023-07-21 16:20:23 [ERROR] Error: expected str, bytes or os.PathLike object, not list
2023-07-21 16:21:06 [DEBUG] Received request with game=-h, hand=['Ac', '7c', '-', '6d', '6c'], board=[], dead=[], method=-mc, iterations=1000, histogram=false
2023-07-21 16:21:06 [DEBUG] ('-h', ['Ac', '7c', '-', '6d', '6c'], [], [], '-mc', '1000', 'false')
2023-07-21 16:21:06 [DEBUG] ('-h', "['Ac', '7c', '-', '6d', '6c']", [], [], '-mc', '1000', 'false')
2023-07-21 16:21:06 [ERROR] Error: expected str, bytes or os.PathLike object, not list
2023-07-21 16:24:02 [DEBUG] Received request with game=-h, hand=['Ac', '7c', '-', '6d', '6c'], board=[], dead=[], method=-mc, iterations=1000, histogram=false
2023-07-21 16:24:02 [DEBUG] ('-h', ['Ac', '7c', '-', '6d', '6c'], [], [], '-mc', '1000', 'false')
2023-07-21 16:24:02 [DEBUG] ('-h', 'Ac,7c,-,6d,6c', [], [], '-mc', '1000', 'false')
2023-07-21 16:24:02 [ERROR] Error: expected str, bytes or os.PathLike object, not list
2023-07-21 16:27:36 [DEBUG] Received request with game=-h, hand=['Ac', '7c', '-', '6d', '6c'], board=[], dead=[], method=-mc, iterations=1000, histogram=false
2023-07-21 16:27:36 [DEBUG] ('-h', ['Ac', '7c', '-', '6d', '6c'], [], [], '-mc', '1000', 'false')
2023-07-21 16:27:36 [DEBUG] ('-h', '"Ac", "7c", "-", "6d", "6c"', [], [], '-mc', '1000', 'false')
2023-07-21 16:27:36 [ERROR] Error: expected str, bytes or os.PathLike object, not list
2023-07-21 16:28:36 [DEBUG] Received request with game=-h, hand=['Ac', '7c', '-', '6d', '6c'], board=[], dead=[], method=-mc, iterations=1000, histogram=false
2023-07-21 16:28:36 [DEBUG] ('-h', ['Ac', '7c', '-', '6d', '6c'], [], [], '-mc', '1000', 'false')
2023-07-21 16:28:36 [DEBUG] ('-h', 'Ac, 7c, -, 6d, 6c', [], [], '-mc', '1000', 'false')
2023-07-21 16:28:36 [ERROR] Error: expected str, bytes or os.PathLike object, not list
2023-07-21 16:36:32 [DEBUG] Received request with game=-h, hand=['Ac', '7c', '-', '6d', '6c'], board=[], dead=[], method=-mc, iterations=1000, histogram=false
2023-07-21 16:36:32 [DEBUG] ('-h', ['Ac', '7c', '-', '6d', '6c'], [], [], '-mc', '1000', 'false')
2023-07-21 16:36:32 [DEBUG] -h['Ac', '7c', '-', '6d', '6c'][][]-mc1000false
2023-07-21 16:36:32 [ERROR] Error: Cannot exec pokenum ("-h['Ac', '7c', '-', '6d', '6c'][][]-mc1000false",)
2023-07-21 16:38:12 [DEBUG] Received request with game=-h, hand=['Ac', '7c', '-', '6d', '6c'], board=[], dead=[], method=-mc, iterations=1000, histogram=false
2023-07-21 16:38:12 [DEBUG] ('-h', ['Ac', '7c', '-', '6d', '6c'], [], [], '-mc', '1000', 'false')
2023-07-21 16:38:12 [DEBUG] '-h',['Ac', '7c', '-', '6d', '6c'][][]-mc1000false
2023-07-21 16:38:12 [ERROR] Error: Cannot exec pokenum ("'-h',['Ac', '7c', '-', '6d', '6c'][][]-mc1000false",)
2023-07-21 16:41:29 [DEBUG] Received request with game=-h, hand=['Ac', '7c', '-', '6d', '6c'], board=[], dead=[], method=-mc, iterations=1000, histogram=false
2023-07-21 16:41:29 [DEBUG] ('-h', ['Ac', '7c', '-', '6d', '6c'], [], [], '-mc', '1000', 'false')
2023-07-21 16:41:29 [DEBUG] '-h','Ac', '7c', '-', '6d', '6c'
2023-07-21 16:41:29 [ERROR] Error: Cannot exec pokenum ("'-h','Ac', '7c', '-', '6d', '6c'",)
2023-07-21 17:00:51 [DEBUG] Received request with game=-h, hand=['Ac', '7c', '-', '6d', '6c'], board=[], dead=[], method=None, iterations=None, histogram=None
2023-07-21 17:00:51 [ERROR] Error: expected str, bytes or os.PathLike object, not NoneType
2023-07-21 17:18:49 [DEBUG] Received request with game=-h, hand=['Ac', '7c', '-', '6d', '6c'], board=[], dead=[], method=None, iterations=None, histogram=None
2023-07-21 17:18:49 [DEBUG] Response: [{'Holdem': 'cards', 'Hi:': 'win', '1712304': '%win', 'enumerated': 'lose', 'boards': '%lose'}, {'Holdem': 'Ac', 'Hi:': '7c', '1712304': '785645', 'enumerated': '45.88', 'boards': '918813'}, {'Holdem': '6c', 'Hi:': '6d', '1712304': '918813', 'enumerated': '53.66', 'boards': '785645'}]
2023-07-21 18:22:42 [DEBUG] Received request with game=-h, hand=['Ac', '7c', '-', '6d', '6c'], board=[], dead=[], method=None, iterations=None, histogram=None
2023-07-21 18:22:42 [DEBUG] Response: None
2023-07-21 18:26:48 [DEBUG] Received request with game=-h, hand=['Ac', '7c', '-', '6d', '6c'], board=[], dead=[], method=None, iterations=None, histogram=None
2023-07-21 18:26:48 [DEBUG] Response: {
  "headers": [
    "cards",
    "win",
    "%win",
    "lose",
    "%lose",
    "tie",
    "%tie",
    "EV"
  ],
  "values": [
    [
      "Ac",
      "7c",
      "785645",
      "45.88",
      "918813",
      "53.66",
      "7846",
      "0.46",
      "0.461"
    ],
    [
      "6c",
      "6d",
      "918813",
      "53.66",
      "785645",
      "45.88",
      "7846",
      "0.46",
      "0.539"
    ]
  ]
}
2023-07-21 20:44:21 [DEBUG] Received request with game=-h, hand=['Ac', '7c', '-', '6d', '6c'], board=[], dead=[], method=None, iterations=None, histogram=None
2023-07-21 20:44:21 [DEBUG] Response: {
  "legend": [
    "Holdem",
    "Hi:",
    "1712304",
    "enumerated",
    "boards"
  ],
  "headers": [
    "cards",
    "win",
    "%win",
    "lose",
    "%lose",
    "tie",
    "%tie",
    "EV"
  ],
  "values": [
    [
      "Ac",
      "7c",
      "785645",
      "45.88",
      "918813",
      "53.66",
      "7846",
      "0.46",
      "0.461"
    ],
    [
      "6c",
      "6d",
      "918813",
      "53.66",
      "785645",
      "45.88",
      "7846",
      "0.46",
      "0.539"
    ]
  ]
}
2023-07-21 20:51:09 [DEBUG] Received request with game=-h, hand=['Ac', '7c', '-', '6d', '6c'], board=[], dead=[], method=None, iterations=None, histogram=None
2023-07-21 20:51:09 [DEBUG] Response: {
  "legend": [
    "Holdem",
    "Hi:",
    "1712304",
    "enumerated",
    "boards"
  ],
  "headers": [
    "cards",
    "win",
    "%win",
    "lose",
    "%lose",
    "tie",
    "%tie",
    "EV"
  ],
  "values": [
    [
      "Ac",
      "7c",
      "785645",
      "45.88",
      "918813",
      "53.66",
      "7846",
      "0.46",
      "0.461"
    ],
    [
      "6c",
      "6d",
      "918813",
      "53.66",
      "785645",
      "45.88",
      "7846",
      "0.46",
      "0.539"
    ]
  ]
}
2023-07-21 20:51:09 [DEBUG] <class 'str'>
2023-07-21 20:54:08 [DEBUG] Received request with game=-h, hand=['Ac', '7c', '-', '6d', '6c'], board=[], dead=[], method=None, iterations=None, histogram=None
2023-07-21 20:54:08 [DEBUG] Response: {
  "legend": [
    "Holdem",
    "Hi:",
    "1712304",
    "enumerated",
    "boards"
  ],
  "headers": [
    "cards",
    "win",
    "%win",
    "lose",
    "%lose",
    "tie",
    "%tie",
    "EV"
  ],
  "values": [
    [
      "Ac",
      "7c",
      "785645",
      "45.88",
      "918813",
      "53.66",
      "7846",
      "0.46",
      "0.461"
    ],
    [
      "6c",
      "6d",
      "918813",
      "53.66",
      "785645",
      "45.88",
      "7846",
      "0.46",
      "0.539"
    ]
  ]
}
2023-07-21 20:54:08 [DEBUG] <class 'str'>
2023-07-21 20:58:08 [DEBUG] Received request with game=-h, hand=['Ac', '7c', '-', '6d', '6c'], board=[], dead=[], method=None, iterations=None, histogram=None
2023-07-21 20:58:08 [DEBUG] Response: {  "legend": [    "Holdem",    "Hi:",    "1712304",    "enumerated",    "boards"  ],  "headers": [    "cards",    "win",    "%win",    "lose",    "%lose",    "tie",    "%tie",    "EV"  ],  "values": [    [      "Ac",      "7c",      "785645",      "45.88",      "918813",      "53.66",      "7846",      "0.46",      "0.461"    ],    [      "6c",      "6d",      "918813",      "53.66",      "785645",      "45.88",      "7846",      "0.46",      "0.539"    ]  ]}
2023-07-21 20:58:08 [DEBUG] <class 'str'>
2023-07-21 21:00:43 [DEBUG] Received request with game=-h, hand=['Ac', '7c', '-', '6d', '6c'], board=[], dead=[], method=None, iterations=None, histogram=None
2023-07-21 21:00:43 [DEBUG] Response: {  "legend": [    "Holdem",    "Hi:",    "1712304",    "enumerated",    "boards"  ],  "headers": [    "cards",    "win",    "%win",    "lose",    "%lose",    "tie",    "%tie",    "EV"  ],  "values": [    [      "Ac",      "7c",      "785645",      "45.88",      "918813",      "53.66",      "7846",      "0.46",      "0.461"    ],    [      "6c",      "6d",      "918813",      "53.66",      "785645",      "45.88",      "7846",      "0.46",      "0.539"    ]  ]}
2023-07-21 21:00:43 [DEBUG] <class 'str'>
2023-07-21 21:02:16 [DEBUG] Received request with game=-h, hand=['Ac', '7c', '-', '6d', '6c'], board=[], dead=[], method=None, iterations=None, histogram=None
2023-07-21 21:02:16 [DEBUG] Response: {  "legend": [    "Holdem",    "Hi:",    "1712304",    "enumerated",    "boards"  ],  "headers": [    "cards",    "win",    "%win",    "lose",    "%lose",    "tie",    "%tie",    "EV"  ],  "values": [    [      "Ac",      "7c",      "785645",      "45.88",      "918813",      "53.66",      "7846",      "0.46",      "0.461"    ],    [      "6c",      "6d",      "918813",      "53.66",      "785645",      "45.88",      "7846",      "0.46",      "0.539"    ]  ]}
2023-07-21 21:02:16 [DEBUG] <class 'str'>
2023-07-21 21:06:48 [DEBUG] Received request with game=-h, hand=['Ac', '7c', '-', '6d', '6c'], board=[], dead=[], method=None, iterations=None, histogram=None
2023-07-21 21:06:48 [DEBUG] Response: {"legend": ["Holdem", "Hi:", "1712304", "enumerated", "boards"], "headers": ["cards", "win", "%win", "lose", "%lose", "tie", "%tie", "EV"], "values": [["Ac", "7c", "785645", "45.88", "918813", "53.66", "7846", "0.46", "0.461"], ["6c", "6d", "918813", "53.66", "785645", "45.88", "7846", "0.46", "0.539"]]}
2023-07-21 21:06:48 [DEBUG] <class 'str'>
2023-07-21 21:09:08 [DEBUG] Received request with game=-h, hand=['Ac', '7c', '-', '6d', '6c'], board=[], dead=[], method=None, iterations=None, histogram=None
2023-07-21 21:09:09 [DEBUG] Response: {"legend": ["Holdem", "Hi:", "1712304", "enumerated", "boards"], "headers": ["cards", "win", "%win", "lose", "%lose", "tie", "%tie", "EV"], "values": [["Ac", "7c", "785645", "45.88", "918813", "53.66", "7846", "0.46", "0.461"], ["6c", "6d", "918813", "53.66", "785645", "45.88", "7846", "0.46", "0.539"]]}
2023-07-21 21:09:09 [DEBUG] <class 'str'>
2023-07-22 20:30:42 [DEBUG] Received request with game=-h, hand=['Ac', '7c', '-', '6d', '6c'], board=[], dead=[], method=None, iterations=None, histogram=None
2023-07-22 20:30:42 [DEBUG] Response: {"legend": ["Holdem", "Hi:", "1712304", "enumerated", "boards"], "headers": ["cards", "win", "%win", "lose", "%lose", "tie", "%tie", "EV"], "values": [["Ac", "7c", "785645", "45.88", "918813", "53.66", "7846", "0.46", "0.461"], ["6c", "6d", "918813", "53.66", "785645", "45.88", "7846", "0.46", "0.539"]]}
2023-07-22 20:30:42 [DEBUG] <class 'str'>
2023-07-22 20:52:29 [DEBUG] Received request with game=-h, hand=['Ac', '7c', '-', '6d', '6c'], board=[], dead=[], method=None, iterations=None, histogram=None
2023-07-22 20:52:30 [DEBUG] Response: {"legend": ["Holdem", "Hi:", "1712304", "enumerated", "boards"], "headers": ["cards", "win", "%win", "lose", "%lose", "tie", "%tie", "EV"], "values": [["Ac", "7c", "785645", "45.88", "918813", "53.66", "7846", "0.46", "0.461"], ["6c", "6d", "918813", "53.66", "785645", "45.88", "7846", "0.46", "0.539"]]}
2023-07-22 20:52:30 [DEBUG] <class 'str'>
2023-07-23 13:30:06 [DEBUG] Received request with game=-h, hand=['Ac', '7c', '-', '6d', '6c'], board=[], dead=[], method=None, iterations=None, histogram=None
2023-07-23 13:30:06 [DEBUG] Response: {"legend": ["Holdem", "Hi:", "1712304", "enumerated", "boards"], "headers": ["cards", "win", "%win", "lose", "%lose", "tie", "%tie", "EV"], "values": [["Ac", "7c", "785645", "45.88", "918813", "53.66", "7846", "0.46", "0.461"], ["6c", "6d", "918813", "53.66", "785645", "45.88", "7846", "0.46", "0.539"]]}
2023-07-23 13:30:06 [DEBUG] <class 'str'>
2023-07-23 15:05:32 [DEBUG] hand: Ks Kc - As Ad
2023-07-23 15:05:32 [DEBUG] Received parameters: game=-h, hand=Ks Kc - As Ad, board=, dead=, method=, iterations=, histogram=False
2023-07-23 15:08:59 [DEBUG] hand: Ks Kc - As Ad
2023-07-23 15:08:59 [DEBUG] Received parameters: game=-h, hand=Ks Kc - As Ad, board=, dead=, method=, iterations=, histogram=False
2023-07-23 15:09:35 [DEBUG] Received request with game=-h, hand=['Ac', '7c', '-', '6d', '6c'], board=[], dead=[], method=None, iterations=None, histogram=None
2023-07-23 15:09:35 [DEBUG] Response: {"legend": ["Holdem", "Hi:", "1712304", "enumerated", "boards"], "headers": ["cards", "win", "%win", "lose", "%lose", "tie", "%tie", "EV"], "values": [["Ac", "7c", "785645", "45.88", "918813", "53.66", "7846", "0.46", "0.461"], ["6c", "6d", "918813", "53.66", "785645", "45.88", "7846", "0.46", "0.539"]]}
2023-07-23 15:09:35 [DEBUG] <class 'str'>
2023-07-23 20:33:00 [DEBUG] Received request with game=-h, hand=['Ac', '7c', '-', '6d', '6c'], board=[], dead=[], method=None, iterations=None, histogram=None
2023-07-23 20:33:00 [DEBUG] Response: {"legend": ["Holdem", "Hi:", "1712304", "enumerated", "boards"], "headers": ["cards", "win", "%win", "lose", "%lose", "tie", "%tie", "EV"], "values": [["Ac", "7c", "785645", "45.88", "918813", "53.66", "7846", "0.46", "0.461"], ["6c", "6d", "918813", "53.66", "785645", "45.88", "7846", "0.46", "0.539"]]}
2023-07-23 20:33:00 [DEBUG] <class 'str'>
2023-07-23 20:41:49 [DEBUG] Received request with game=-h, hand=['Ks', 'Kc', '-', 'As', 'Ad'], board=[], dead=[], method=, iterations=, histogram=False
2023-07-23 20:41:49 [DEBUG] Response: {"legend": ["Holdem", "Hi:", "1712304", "enumerated", "boards"], "headers": ["cards", "win", "%win", "lose", "%lose", "tie", "%tie", "EV"], "values": [["Ks", "Kc", "305177", "17.82", "1399204", "81.71", "7923", "0.46", "0.181"], ["As", "Ad", "1399204", "81.71", "305177", "17.82", "7923", "0.46", "0.819"]]}
2023-07-23 20:41:49 [DEBUG] <class 'str'>
2023-07-23 20:45:01 [DEBUG] Received request with game=-h, hand=['Ks', 'Kc', '-', 'As', 'Ad'], board=[], dead=[], method=, iterations=, histogram=False
2023-07-23 20:45:01 [DEBUG] Response: {"legend": ["Holdem", "Hi:", "1712304", "enumerated", "boards"], "headers": ["cards", "win", "%win", "lose", "%lose", "tie", "%tie", "EV"], "values": [["Ks", "Kc", "305177", "17.82", "1399204", "81.71", "7923", "0.46", "0.181"], ["As", "Ad", "1399204", "81.71", "305177", "17.82", "7923", "0.46", "0.819"]]}
2023-07-23 20:45:01 [DEBUG] <class 'str'>
2023-07-23 20:49:36 [DEBUG] Received request with game=-h, hand=['Ks', 'Kc', '-', 'As', 'Ad'], board=[], dead=[], method=, iterations=, histogram=False
2023-07-23 20:49:36 [DEBUG] Response: {"legend": ["Holdem", "Hi:", "1712304", "enumerated", "boards"], "headers": ["cards", "win", "%win", "lose", "%lose", "tie", "%tie", "EV"], "values": [["Ks", "Kc", "305177", "17.82", "1399204", "81.71", "7923", "0.46", "0.181"], ["As", "Ad", "1399204", "81.71", "305177", "17.82", "7923", "0.46", "0.819"]]}
2023-07-23 20:49:36 [DEBUG] <class 'str'>
2023-07-23 20:50:59 [DEBUG] Received request with game=-h, hand=['Ks', 'Kc', '-', 'As', 'Ad'], board=[], dead=[], method=, iterations=, histogram=False
2023-07-23 20:50:59 [DEBUG] Response: {"legend": ["Holdem", "Hi:", "1712304", "enumerated", "boards"], "headers": ["cards", "win", "%win", "lose", "%lose", "tie", "%tie", "EV"], "values": [["Ks", "Kc", "305177", "17.82", "1399204", "81.71", "7923", "0.46", "0.181"], ["As", "Ad", "1399204", "81.71", "305177", "17.82", "7923", "0.46", "0.819"]]}
2023-07-23 20:50:59 [DEBUG] <class 'str'>
2023-07-23 20:51:23 [DEBUG] Received request with game=-h, hand=['Ks', 'Kc', '-', 'As', 'Ad'], board=[], dead=[], method=, iterations=, histogram=False
2023-07-23 20:51:23 [DEBUG] Response: {"legend": ["Holdem", "Hi:", "1712304", "enumerated", "boards"], "headers": ["cards", "win", "%win", "lose", "%lose", "tie", "%tie", "EV"], "values": [["Ks", "Kc", "305177", "17.82", "1399204", "81.71", "7923", "0.46", "0.181"], ["As", "Ad", "1399204", "81.71", "305177", "17.82", "7923", "0.46", "0.819"]]}
2023-07-23 20:51:23 [DEBUG] <class 'str'>
2023-07-23 20:54:40 [DEBUG] Received request with game=-h, hand=['Ks', 'Kc', '-', 'As', 'Ad'], board=[], dead=[], method=, iterations=, histogram=False
2023-07-23 20:54:40 [DEBUG] Response: {"legend": ["Holdem", "Hi:", "1712304", "enumerated", "boards"], "headers": ["cards", "win", "%win", "lose", "%lose", "tie", "%tie", "EV"], "values": [["Ks", "Kc", "305177", "17.82", "1399204", "81.71", "7923", "0.46", "0.181"], ["As", "Ad", "1399204", "81.71", "305177", "17.82", "7923", "0.46", "0.819"]]}
2023-07-23 20:54:40 [DEBUG] <class 'str'>
2023-07-23 20:55:44 [DEBUG] Received request with game=-h, hand=['Ks', 'Kc', '-', 'As', 'Ad'], board=[], dead=[], method=, iterations=, histogram=False
2023-07-23 20:55:44 [DEBUG] Response: {"legend": ["Holdem", "Hi:", "1712304", "enumerated", "boards"], "headers": ["cards", "win", "%win", "lose", "%lose", "tie", "%tie", "EV"], "values": [["Ks", "Kc", "305177", "17.82", "1399204", "81.71", "7923", "0.46", "0.181"], ["As", "Ad", "1399204", "81.71", "305177", "17.82", "7923", "0.46", "0.819"]]}
2023-07-23 20:55:44 [DEBUG] <class 'str'>
2023-07-23 20:57:59 [DEBUG] Received request with game=-h, hand=['Ks', 'Kc', '-', 'As', 'Ad'], board=[], dead=[], method=, iterations=, histogram=False
2023-07-23 20:57:59 [DEBUG] Response: {"legend": ["Holdem", "Hi:", "1712304", "enumerated", "boards"], "headers": ["cards", "win", "%win", "lose", "%lose", "tie", "%tie", "EV"], "values": [["Ks", "Kc", "305177", "17.82", "1399204", "81.71", "7923", "0.46", "0.181"], ["As", "Ad", "1399204", "81.71", "305177", "17.82", "7923", "0.46", "0.819"]]}
2023-07-23 20:57:59 [DEBUG] <class 'str'>
2023-07-23 20:59:33 [DEBUG] Received request with game=-h, hand=['Ks', 'Kc', '-', 'As', 'Ad'], board=[], dead=[], method=, iterations=, histogram=False
2023-07-23 20:59:33 [DEBUG] Response: {"legend": ["Holdem", "Hi:", "1712304", "enumerated", "boards"], "headers": ["cards", "win", "%win", "lose", "%lose", "tie", "%tie", "EV"], "values": [["Ks", "Kc", "305177", "17.82", "1399204", "81.71", "7923", "0.46", "0.181"], ["As", "Ad", "1399204", "81.71", "305177", "17.82", "7923", "0.46", "0.819"]]}
2023-07-23 20:59:33 [DEBUG] <class 'str'>
